app/build/intermediates/manifest_merge_blame_file/release/manifest-merger-blame-release-report.txt
1<?xml version="1.0" encoding="utf-8"?>
2<!--
3  Copyright 2018
4  Google Inc.
5
6  Licensed under the Apache License, Version 2.0 (the "License");
7  you may not use this file except in compliance with the License.
8  You may obtain a copy of the License at
9
10      http://www.apache.org/licenses/LICENSE-2.0
11
12  Unless required by applicable law or agreed to in writing, software
13  distributed under the License is distributed on an "AS IS" BASIS,
14  WITHOUT WARRANTIES OR CONDITIONS OF ANY KIND, either express or implied.
15  See the License for the specific language governing permissions and
16  limitations under the License.
17-->
18<manifest xmlns:android="http://schemas.android.com/apk/res/android"
19    package="com.example.android.travelagent"
20    android:versionCode="1"
21    android:versionName="1.0" >
22
23    <uses-sdk
24        android:minSdkVersion="15"
24-->src\main\AndroidManifest.xml
25        android:targetSdkVersion="26" />
25-->src\main\AndroidManifest.xml
26
27    <application
27-->src\main\AndroidManifest.xml:20:5-34:19
28        android:allowBackup="true"
28-->src\main\AndroidManifest.xml:21:9-35
29        android:icon="@mipmap/ic_launcher"
29-->src\main\AndroidManifest.xml:22:9-43
30        android:label="@string/app_name"
30-->src\main\AndroidManifest.xml:23:9-41
31        android:supportsRtl="true"
31-->src\main\AndroidManifest.xml:24:9-35
32        android:theme="@style/AppTheme" >
32-->src\main\AndroidManifest.xml:25:9-40
33        <activity android:name="com.example.android.travelagent.MainActivity" >
33-->src\main\AndroidManifest.xml:26:9-32:20
33-->src\main\AndroidManifest.xml:26:19-78
34            <intent-filter>
34-->src\main\AndroidManifest.xml:27:13-31:29
35                <action android:name="android.intent.action.MAIN" />
35-->src\main\AndroidManifest.xml:28:17-69
35-->src\main\AndroidManifest.xml:28:25-66
36
37                <category android:name="android.intent.category.LAUNCHER" />
37-->src\main\AndroidManifest.xml:30:17-77
37-->src\main\AndroidManifest.xml:30:27-74
38            </intent-filter>
39        </activity>
40        <activity android:name="com.example.android.travelagent.DetailActivity" />
40-->src\main\AndroidManifest.xml:33:9-92
40-->src\main\AndroidManifest.xml:33:19-80
41
42        <meta-data
42-->[com.android.support:design:26.1.0] AndroidManifest.xml:26:9-28:38
43            android:name="android.support.VERSION"
43-->[com.android.support:design:26.1.0] AndroidManifest.xml:27:13-51
44            android:value="26.1.0" />
44-->[com.android.support:design:26.1.0] AndroidManifest.xml:28:13-35
45        <meta-data
45-->[android.arch.lifecycle:runtime:1.0.0] AndroidManifest.xml:25:9-27:47
46            android:name="android.arch.lifecycle.VERSION"
46-->[android.arch.lifecycle:runtime:1.0.0] AndroidManifest.xml:26:13-58
47            android:value="27.0.0-SNAPSHOT" />
47-->[android.arch.lifecycle:runtime:1.0.0] AndroidManifest.xml:27:13-44
48    </application>
49
50</manifest>